Block
-Symbols Table
--variable: _A | type: function[..0]
-Sequencing
--Asig
---Ident: _A | type: function[..0]
---Literal: 3 | type: int
--Print
---Concat | type: String
----Concat | type: String
-----Concat | type: String
------Concat | type: String
-------Concat | type: String
--------String: "First: "
--------ReadFunction | type: int
---------Ident: _A | type: function[..0]
---------Literal: 0 | type: int
-------String: "\nSecond: "
------ReadFunction | type: int
-------Ident: _A | type: function[..0]
-------Literal: 1 | type: int
-----String: "\nThird: "
----ReadFunction | type: int
-----Ident: _A | type: function[..0]
-----Literal: 2 | type: int
