Block
-Symbols Table
--variable: _A | type: function[..2]
-Sequencing
--Asig
---Ident: _A | type: function[..2]
---Comma | type: function with length=3
----Comma | type: function with length=2
-----Literal: 1 | type: int
-----Literal: 3 | type: int
----Literal: 4 | type: int
--Print
---Concat | type: String
----Concat | type: String
-----Concat | type: String
------Concat | type: String
-------Concat | type: String
--------String: "First: "
--------ReadFunction | type: int
---------Ident: _A | type: function[..2]
---------Literal: 0 | type: int
-------String: "\nSecond: "
------ReadFunction | type: int
-------Ident: _A | type: function[..2]
-------Literal: 1 | type: int
-----String: "\nThird: "
----ReadFunction | type: int
-----Ident: _A | type: function[..2]
-----Literal: 2 | type: int
