Block
-Symbols Table
--variable: i | type: int
--variable: max | type: int
--variable: itIs | type: bool
--variable: A | type: function[..5]
-Sequencing
--Sequencing
---Asig
----Ident: itIs | type: bool
----Literal: false | type: bool
---Asig
----Ident: i | type: int
----Literal: 0 | type: int
--While
---Then
----And | type: bool
-----Leq | type: bool
------Ident: i | type: int
------Literal: 5 | type: int
-----Not | type: bool
------Ident: itIs | type: bool
----Sequencing
-----Asig
------Ident: itIs | type: bool
------Equal | type: bool
-------ReadFunction | type: int
--------Ident: A | type: function[..5]
--------Ident: i | type: int
-------Literal: 10 | type: int
-----Asig
------Ident: i | type: int
------Plus | type: int
-------Ident: i | type: int
-------Literal: 1 | type: int
